生成启动时间为 2018/4/5 18:57:14。
     1>项目“C:\Users\Alvin\Desktop\hash\hash\hash\hash.vcxproj”在节点 2 上(build 个目标)。
     1>InitializeBuildStatus:
         正在对“Debug\hash.unsuccessfulbuild”执行 Touch 任务。
       ClCompile:
         所有输出均为最新。
         D:\Program Files\Microsoft Visual Studio 10.0\VC\bin\CL.exe /c /ZI /nologo /W3 /WX- /Od /Oy- /D WIN32 /D _DEBUG /D _WINDOWS /D _USRDLL /D HASH_EXPORTS /D _WINDLL /D _UNICODE /D UNICODE /Gm /EHsc /RTC1 /MDd /GS /fp:precise /Zc:wchar_t /Zc:forScope /Yu"StdAfx.h" /Fp"Debug\hash.pch" /Fo"Debug\\" /Fd"Debug\vc100.pdb" /Gd /TP /analyze- /errorReport:prompt ..\..\hash.cpp
         hash.cpp
     1>c:\users\alvin\desktop\hash\hash.cpp : warning C4819: 该文件包含不能在当前代码页(936)中表示的字符。请将该文件保存为 Unicode 格式以防止数据丢失
     1>c:\users\alvin\desktop\hash\hash.cpp(8): warning C4627: “#include <iostream>”: 在查找预编译头使用时跳过
                 将指令添加到“StdAfx.h”或重新生成预编译头
     1>c:\users\alvin\desktop\hash\hash.cpp(10): warning C4627: “#include "hash.h"”: 在查找预编译头使用时跳过
                 将指令添加到“StdAfx.h”或重新生成预编译头
     1>c:\users\alvin\desktop\hash\hash.cpp(12): warning C4627: “#include <string>”: 在查找预编译头使用时跳过
                 将指令添加到“StdAfx.h”或重新生成预编译头
     1>c:\users\alvin\desktop\hash\hash.cpp(13): warning C4627: “#include <sstream>”: 在查找预编译头使用时跳过
                 将指令添加到“StdAfx.h”或重新生成预编译头
     1>c:\users\alvin\desktop\hash\hash.cpp(175): fatal error C1010: 在查找预编译头时遇到意外的文件结尾。是否忘记了向源中添加“#include "StdAfx.h"”?
     1>已完成生成项目“C:\Users\Alvin\Desktop\hash\hash\hash\hash.vcxproj”(build 个目标)的操作 - 失败。

生成失败。

已用时间 00:00:00.26
